mode: count
github.com/digitorus/pkcs7/ber.go:17.59,20.32 2 5971
github.com/digitorus/pkcs7/ber.go:20.32,22.17 2 11630
github.com/digitorus/pkcs7/ber.go:22.17,24.4 1 0
github.com/digitorus/pkcs7/ber.go:26.2,29.12 4 5971
github.com/digitorus/pkcs7/ber.go:38.58,40.16 2 5817
github.com/digitorus/pkcs7/ber.go:40.16,42.3 1 0
github.com/digitorus/pkcs7/ber.go:43.2,43.51 1 5817
github.com/digitorus/pkcs7/ber.go:43.51,45.3 1 0
github.com/digitorus/pkcs7/ber.go:48.2,50.12 2 5817
github.com/digitorus/pkcs7/ber.go:53.42,54.19 1 170
github.com/digitorus/pkcs7/ber.go:54.19,56.3 1 1
github.com/digitorus/pkcs7/ber.go:58.2,61.16 3 169
github.com/digitorus/pkcs7/ber.go:61.16,63.3 1 11
github.com/digitorus/pkcs7/ber.go:64.2,66.25 2 158
github.com/digitorus/pkcs7/ber.go:70.62,73.19 2 1522
github.com/digitorus/pkcs7/ber.go:73.19,75.17 2 2673
github.com/digitorus/pkcs7/ber.go:75.17,77.4 1 0
github.com/digitorus/pkcs7/ber.go:80.2,80.12 1 1522
github.com/digitorus/pkcs7/ber.go:84.41,86.14 2 3044
github.com/digitorus/pkcs7/ber.go:86.14,89.3 2 2302
github.com/digitorus/pkcs7/ber.go:90.2,90.8 1 3044
github.com/digitorus/pkcs7/ber.go:107.62,108.19 1 11788
github.com/digitorus/pkcs7/ber.go:108.19,111.17 3 1522
github.com/digitorus/pkcs7/ber.go:111.17,113.4 1 0
github.com/digitorus/pkcs7/ber.go:114.3,115.17 2 1522
github.com/digitorus/pkcs7/ber.go:115.17,117.4 1 0
github.com/digitorus/pkcs7/ber.go:118.8,120.17 2 10266
github.com/digitorus/pkcs7/ber.go:120.17,122.4 1 0
github.com/digitorus/pkcs7/ber.go:124.2,124.8 1 11788
github.com/digitorus/pkcs7/ber.go:127.66,129.22 2 11801
github.com/digitorus/pkcs7/ber.go:129.22,131.3 1 0
github.com/digitorus/pkcs7/ber.go:132.2,135.22 4 11801
github.com/digitorus/pkcs7/ber.go:135.22,137.3 1 2
github.com/digitorus/pkcs7/ber.go:138.2,139.17 2 11799
github.com/digitorus/pkcs7/ber.go:139.17,141.27 2 0
github.com/digitorus/pkcs7/ber.go:141.27,144.24 3 0
github.com/digitorus/pkcs7/ber.go:144.24,146.5 1 0
github.com/digitorus/pkcs7/ber.go:150.3,151.23 2 0
github.com/digitorus/pkcs7/ber.go:151.23,153.4 1 0
github.com/digitorus/pkcs7/ber.go:155.2,158.15 3 11799
github.com/digitorus/pkcs7/ber.go:158.15,160.3 1 5819
github.com/digitorus/pkcs7/ber.go:160.8,162.3 1 5980
github.com/digitorus/pkcs7/ber.go:164.2,167.35 4 11799
github.com/digitorus/pkcs7/ber.go:167.35,172.3 1 1
github.com/digitorus/pkcs7/ber.go:173.2,174.14 2 11798
github.com/digitorus/pkcs7/ber.go:174.14,176.24 2 1519
github.com/digitorus/pkcs7/ber.go:176.24,178.4 1 1
github.com/digitorus/pkcs7/ber.go:179.3,179.54 1 1518
github.com/digitorus/pkcs7/ber.go:179.54,181.4 1 1
github.com/digitorus/pkcs7/ber.go:182.3,182.38 1 1517
github.com/digitorus/pkcs7/ber.go:182.38,186.4 1 0
github.com/digitorus/pkcs7/ber.go:187.3,187.82 1 1517
github.com/digitorus/pkcs7/ber.go:187.82,190.4 1 2
github.com/digitorus/pkcs7/ber.go:191.3,193.38 2 1515
github.com/digitorus/pkcs7/ber.go:193.38,196.4 2 2659
github.com/digitorus/pkcs7/ber.go:197.8,197.22 1 10279
github.com/digitorus/pkcs7/ber.go:197.22,199.3 1 13
github.com/digitorus/pkcs7/ber.go:199.8,201.3 1 10266
github.com/digitorus/pkcs7/ber.go:202.2,202.16 1 11794
github.com/digitorus/pkcs7/ber.go:202.16,204.3 1 0
github.com/digitorus/pkcs7/ber.go:206.2,207.25 2 11794
github.com/digitorus/pkcs7/ber.go:207.25,209.3 1 3
github.com/digitorus/pkcs7/ber.go:210.2,214.29 4 11791
github.com/digitorus/pkcs7/ber.go:214.29,216.3 1 0
github.com/digitorus/pkcs7/ber.go:217.2,217.15 1 11791
github.com/digitorus/pkcs7/ber.go:217.15,223.3 1 5818
github.com/digitorus/pkcs7/ber.go:223.8,225.43 2 5973
github.com/digitorus/pkcs7/ber.go:225.43,229.18 4 11632
github.com/digitorus/pkcs7/ber.go:229.18,231.5 1 1
github.com/digitorus/pkcs7/ber.go:232.4,234.18 2 11631
github.com/digitorus/pkcs7/ber.go:234.18,236.19 2 19
github.com/digitorus/pkcs7/ber.go:236.19,238.6 1 1
github.com/digitorus/pkcs7/ber.go:240.5,240.19 1 18
github.com/digitorus/pkcs7/ber.go:240.19,241.11 1 11
github.com/digitorus/pkcs7/ber.go:245.3,248.4 1 5971
github.com/digitorus/pkcs7/ber.go:252.2,252.16 1 11789
github.com/digitorus/pkcs7/ber.go:252.16,254.3 1 11
github.com/digitorus/pkcs7/ber.go:256.2,256.29 1 11789
github.com/digitorus/pkcs7/ber.go:259.68,260.27 1 19
github.com/digitorus/pkcs7/ber.go:260.27,262.3 1 1
github.com/digitorus/pkcs7/ber.go:264.2,264.62 1 18
github.com/digitorus/pkcs7/ber.go:267.51,269.2 0 36896
github.com/digitorus/pkcs7/decrypt.go:24.90,26.9 2 16
github.com/digitorus/pkcs7/decrypt.go:26.9,28.3 1 0
github.com/digitorus/pkcs7/decrypt.go:29.2,30.35 2 16
github.com/digitorus/pkcs7/decrypt.go:30.35,32.3 1 0
github.com/digitorus/pkcs7/decrypt.go:33.2,33.29 1 16
github.com/digitorus/pkcs7/decrypt.go:34.23,37.17 3 16
github.com/digitorus/pkcs7/decrypt.go:37.17,39.4 1 0
github.com/digitorus/pkcs7/decrypt.go:40.3,40.55 1 16
github.com/digitorus/pkcs7/decrypt.go:42.2,42.37 1 0
github.com/digitorus/pkcs7/decrypt.go:47.62,49.9 2 2
github.com/digitorus/pkcs7/decrypt.go:49.9,51.3 1 0
github.com/digitorus/pkcs7/decrypt.go:52.2,52.47 1 2
github.com/digitorus/pkcs7/decrypt.go:55.69,62.47 2 18
github.com/digitorus/pkcs7/decrypt.go:62.47,65.3 2 0
github.com/digitorus/pkcs7/decrypt.go:69.2,70.37 2 18
github.com/digitorus/pkcs7/decrypt.go:70.37,74.7 3 17
github.com/digitorus/pkcs7/decrypt.go:74.7,78.26 4 34
github.com/digitorus/pkcs7/decrypt.go:78.26,79.10 1 17
github.com/digitorus/pkcs7/decrypt.go:82.3,82.27 1 17
github.com/digitorus/pkcs7/decrypt.go:83.8,86.3 1 1
github.com/digitorus/pkcs7/decrypt.go:88.2,91.9 3 18
github.com/digitorus/pkcs7/decrypt.go:92.47,93.34 1 4
github.com/digitorus/pkcs7/decrypt.go:94.51,95.43 1 1
github.com/digitorus/pkcs7/decrypt.go:96.94,97.14 1 6
github.com/digitorus/pkcs7/decrypt.go:98.94,99.34 1 13
github.com/digitorus/pkcs7/decrypt.go:102.2,102.16 1 18
github.com/digitorus/pkcs7/decrypt.go:102.16,104.3 1 0
github.com/digitorus/pkcs7/decrypt.go:106.2,106.94 1 18
github.com/digitorus/pkcs7/decrypt.go:106.94,111.17 4 7
github.com/digitorus/pkcs7/decrypt.go:111.17,113.4 1 0
github.com/digitorus/pkcs7/decrypt.go:115.3,116.17 2 7
github.com/digitorus/pkcs7/decrypt.go:116.17,118.4 1 0
github.com/digitorus/pkcs7/decrypt.go:120.3,120.43 1 7
github.com/digitorus/pkcs7/decrypt.go:120.43,122.4 1 0
github.com/digitorus/pkcs7/decrypt.go:123.3,123.38 1 7
github.com/digitorus/pkcs7/decrypt.go:123.38,125.4 1 0
github.com/digitorus/pkcs7/decrypt.go:127.3,128.17 2 7
github.com/digitorus/pkcs7/decrypt.go:128.17,130.4 1 0
github.com/digitorus/pkcs7/decrypt.go:132.3,132.24 1 7
github.com/digitorus/pkcs7/decrypt.go:135.2,136.34 2 11
github.com/digitorus/pkcs7/decrypt.go:136.34,138.3 1 0
github.com/digitorus/pkcs7/decrypt.go:139.2,142.69 4 11
github.com/digitorus/pkcs7/decrypt.go:142.69,144.3 1 0
github.com/digitorus/pkcs7/decrypt.go:145.2,145.23 1 11
github.com/digitorus/pkcs7/decrypt.go:148.55,149.18 1 11
github.com/digitorus/pkcs7/decrypt.go:149.18,151.3 1 0
github.com/digitorus/pkcs7/decrypt.go:152.2,152.47 1 11
github.com/digitorus/pkcs7/decrypt.go:152.47,154.3 1 0
github.com/digitorus/pkcs7/decrypt.go:157.2,161.30 3 11
github.com/digitorus/pkcs7/decrypt.go:161.30,162.30 1 100
github.com/digitorus/pkcs7/decrypt.go:162.30,164.4 1 0
github.com/digitorus/pkcs7/decrypt.go:167.2,167.37 1 11
github.com/digitorus/pkcs7/decrypt.go:170.102,171.34 1 16
github.com/digitorus/pkcs7/decrypt.go:171.34,172.70 1 16
github.com/digitorus/pkcs7/decrypt.go:172.70,174.4 1 16
github.com/digitorus/pkcs7/decrypt.go:176.2,176.24 1 0
github.com/digitorus/pkcs7/encrypt.go:80.87,83.36 3 7
github.com/digitorus/pkcs7/encrypt.go:84.36,86.42 2 4
github.com/digitorus/pkcs7/encrypt.go:87.36,89.42 2 3
github.com/digitorus/pkcs7/encrypt.go:90.10,91.117 1 0
github.com/digitorus/pkcs7/encrypt.go:93.2,93.16 1 7
github.com/digitorus/pkcs7/encrypt.go:93.16,98.17 3 6
github.com/digitorus/pkcs7/encrypt.go:98.17,100.4 1 0
github.com/digitorus/pkcs7/encrypt.go:104.2,107.16 3 7
github.com/digitorus/pkcs7/encrypt.go:107.16,109.3 1 0
github.com/digitorus/pkcs7/encrypt.go:112.2,113.16 2 7
github.com/digitorus/pkcs7/encrypt.go:113.16,115.3 1 0
github.com/digitorus/pkcs7/encrypt.go:117.2,118.16 2 7
github.com/digitorus/pkcs7/encrypt.go:118.16,120.3 1 0
github.com/digitorus/pkcs7/encrypt.go:122.2,131.16 4 7
github.com/digitorus/pkcs7/encrypt.go:131.16,133.3 1 0
github.com/digitorus/pkcs7/encrypt.go:135.2,147.23 2 7
github.com/digitorus/pkcs7/encrypt.go:150.87,151.16 1 4
github.com/digitorus/pkcs7/encrypt.go:151.16,156.17 3 3
github.com/digitorus/pkcs7/encrypt.go:156.17,158.4 1 0
github.com/digitorus/pkcs7/encrypt.go:162.2,164.16 3 4
github.com/digitorus/pkcs7/encrypt.go:164.16,166.3 1 0
github.com/digitorus/pkcs7/encrypt.go:169.2,170.16 2 4
github.com/digitorus/pkcs7/encrypt.go:170.16,172.3 1 0
github.com/digitorus/pkcs7/encrypt.go:173.2,175.16 3 4
github.com/digitorus/pkcs7/encrypt.go:175.16,177.3 1 0
github.com/digitorus/pkcs7/encrypt.go:178.2,191.23 4 4
github.com/digitorus/pkcs7/encrypt.go:194.87,197.36 3 6
github.com/digitorus/pkcs7/encrypt.go:198.36,200.42 2 3
github.com/digitorus/pkcs7/encrypt.go:201.36,203.42 2 3
github.com/digitorus/pkcs7/encrypt.go:204.10,205.117 1 0
github.com/digitorus/pkcs7/encrypt.go:208.2,208.16 1 6
github.com/digitorus/pkcs7/encrypt.go:208.16,213.17 3 6
github.com/digitorus/pkcs7/encrypt.go:213.17,215.4 1 0
github.com/digitorus/pkcs7/encrypt.go:219.2,221.16 3 6
github.com/digitorus/pkcs7/encrypt.go:221.16,223.3 1 0
github.com/digitorus/pkcs7/encrypt.go:226.2,227.16 2 6
github.com/digitorus/pkcs7/encrypt.go:227.16,229.3 1 0
github.com/digitorus/pkcs7/encrypt.go:230.2,232.16 3 6
github.com/digitorus/pkcs7/encrypt.go:232.16,234.3 1 0
github.com/digitorus/pkcs7/encrypt.go:235.2,248.23 4 6
github.com/digitorus/pkcs7/encrypt.go:262.78,268.36 4 15
github.com/digitorus/pkcs7/encrypt.go:269.33,270.46 1 3
github.com/digitorus/pkcs7/encrypt.go:271.36,272.14 1 3
github.com/digitorus/pkcs7/encrypt.go:273.36,274.46 1 6
github.com/digitorus/pkcs7/encrypt.go:275.36,276.14 1 3
github.com/digitorus/pkcs7/encrypt.go:277.36,278.46 1 6
github.com/digitorus/pkcs7/encrypt.go:280.10,281.48 1 0
github.com/digitorus/pkcs7/encrypt.go:284.2,284.16 1 15
github.com/digitorus/pkcs7/encrypt.go:284.16,286.3 1 0
github.com/digitorus/pkcs7/encrypt.go:289.2,290.39 2 15
github.com/digitorus/pkcs7/encrypt.go:290.39,292.17 2 15
github.com/digitorus/pkcs7/encrypt.go:292.17,294.4 1 0
github.com/digitorus/pkcs7/encrypt.go:295.3,296.17 2 15
github.com/digitorus/pkcs7/encrypt.go:296.17,298.4 1 0
github.com/digitorus/pkcs7/encrypt.go:299.3,307.27 2 15
github.com/digitorus/pkcs7/encrypt.go:311.2,317.16 3 15
github.com/digitorus/pkcs7/encrypt.go:317.16,319.3 1 0
github.com/digitorus/pkcs7/encrypt.go:322.2,327.30 2 15
github.com/digitorus/pkcs7/encrypt.go:332.66,336.16 3 2
github.com/digitorus/pkcs7/encrypt.go:336.16,338.3 1 0
github.com/digitorus/pkcs7/encrypt.go:341.2,341.36 1 2
github.com/digitorus/pkcs7/encrypt.go:342.33,343.44 1 1
github.com/digitorus/pkcs7/encrypt.go:345.36,346.14 1 1
github.com/digitorus/pkcs7/encrypt.go:347.36,348.44 1 1
github.com/digitorus/pkcs7/encrypt.go:350.10,351.48 1 0
github.com/digitorus/pkcs7/encrypt.go:354.2,354.16 1 2
github.com/digitorus/pkcs7/encrypt.go:354.16,356.3 1 0
github.com/digitorus/pkcs7/encrypt.go:359.2,364.16 3 2
github.com/digitorus/pkcs7/encrypt.go:364.16,366.3 1 0
github.com/digitorus/pkcs7/encrypt.go:369.2,374.30 2 2
github.com/digitorus/pkcs7/encrypt.go:377.60,380.2 2 17
github.com/digitorus/pkcs7/encrypt.go:382.74,383.61 1 15
github.com/digitorus/pkcs7/encrypt.go:383.61,385.3 1 15
github.com/digitorus/pkcs7/encrypt.go:386.2,386.37 1 0
github.com/digitorus/pkcs7/encrypt.go:389.53,390.18 1 12
github.com/digitorus/pkcs7/encrypt.go:390.18,392.3 1 0
github.com/digitorus/pkcs7/encrypt.go:393.2,394.17 2 12
github.com/digitorus/pkcs7/encrypt.go:394.17,396.3 1 0
github.com/digitorus/pkcs7/encrypt.go:397.2,398.34 2 12
github.com/digitorus/pkcs7/pkcs7.go:88.68,89.9 1 138
github.com/digitorus/pkcs7/pkcs7.go:92.40,93.26 1 37
github.com/digitorus/pkcs7/pkcs7.go:94.85,95.28 1 43
github.com/digitorus/pkcs7/pkcs7.go:96.85,97.28 1 14
github.com/digitorus/pkcs7/pkcs7.go:98.85,99.28 1 44
github.com/digitorus/pkcs7/pkcs7.go:101.2,101.48 1 0
github.com/digitorus/pkcs7/pkcs7.go:106.106,107.19 1 129
github.com/digitorus/pkcs7/pkcs7.go:108.44,109.37 1 29
github.com/digitorus/pkcs7/pkcs7.go:110.48,111.39 1 42
github.com/digitorus/pkcs7/pkcs7.go:112.48,113.39 1 14
github.com/digitorus/pkcs7/pkcs7.go:114.66,115.39 1 44
github.com/digitorus/pkcs7/pkcs7.go:117.2,117.85 1 0
github.com/digitorus/pkcs7/pkcs7.go:122.127,124.8 2 132
github.com/digitorus/pkcs7/pkcs7.go:124.8,126.3 1 1
github.com/digitorus/pkcs7/pkcs7.go:128.2,129.9 2 131
github.com/digitorus/pkcs7/pkcs7.go:129.9,131.3 1 0
github.com/digitorus/pkcs7/pkcs7.go:132.2,132.32 1 131
github.com/digitorus/pkcs7/pkcs7.go:133.22,134.10 1 51
github.com/digitorus/pkcs7/pkcs7.go:135.11,136.41 1 0
github.com/digitorus/pkcs7/pkcs7.go:137.54,138.41 1 0
github.com/digitorus/pkcs7/pkcs7.go:139.51,140.45 1 17
github.com/digitorus/pkcs7/pkcs7.go:141.53,142.47 1 14
github.com/digitorus/pkcs7/pkcs7.go:143.53,144.47 1 0
github.com/digitorus/pkcs7/pkcs7.go:145.53,146.47 1 20
github.com/digitorus/pkcs7/pkcs7.go:148.24,149.10 1 64
github.com/digitorus/pkcs7/pkcs7.go:150.51,151.43 1 14
github.com/digitorus/pkcs7/pkcs7.go:152.53,153.45 1 14
github.com/digitorus/pkcs7/pkcs7.go:154.53,155.45 1 14
github.com/digitorus/pkcs7/pkcs7.go:156.53,157.45 1 22
github.com/digitorus/pkcs7/pkcs7.go:159.25,160.47 1 16
github.com/digitorus/pkcs7/pkcs7.go:162.2,162.115 1 0
github.com/digitorus/pkcs7/pkcs7.go:166.48,167.20 1 153
github.com/digitorus/pkcs7/pkcs7.go:167.20,169.3 1 0
github.com/digitorus/pkcs7/pkcs7.go:170.2,172.16 3 153
github.com/digitorus/pkcs7/pkcs7.go:172.16,174.3 1 0
github.com/digitorus/pkcs7/pkcs7.go:175.2,176.19 2 153
github.com/digitorus/pkcs7/pkcs7.go:176.19,179.3 2 0
github.com/digitorus/pkcs7/pkcs7.go:180.2,180.16 1 153
github.com/digitorus/pkcs7/pkcs7.go:180.16,182.3 1 0
github.com/digitorus/pkcs7/pkcs7.go:185.2,185.9 1 153
github.com/digitorus/pkcs7/pkcs7.go:186.45,187.45 1 135
github.com/digitorus/pkcs7/pkcs7.go:188.48,189.48 1 16
github.com/digitorus/pkcs7/pkcs7.go:190.48,191.48 1 2
github.com/digitorus/pkcs7/pkcs7.go:193.2,193.39 1 0
github.com/digitorus/pkcs7/pkcs7.go:196.54,198.53 2 16
github.com/digitorus/pkcs7/pkcs7.go:198.53,200.3 1 0
github.com/digitorus/pkcs7/pkcs7.go:201.2,203.8 1 16
github.com/digitorus/pkcs7/pkcs7.go:206.54,208.53 2 2
github.com/digitorus/pkcs7/pkcs7.go:208.53,210.3 1 0
github.com/digitorus/pkcs7/pkcs7.go:211.2,213.8 1 2
github.com/digitorus/pkcs7/pkcs7.go:216.65,217.23 1 135
github.com/digitorus/pkcs7/pkcs7.go:217.23,219.3 1 0
github.com/digitorus/pkcs7/pkcs7.go:221.2,222.57 2 135
github.com/digitorus/pkcs7/pkcs7.go:222.57,224.3 1 0
github.com/digitorus/pkcs7/pkcs7.go:226.2,226.42 1 135
github.com/digitorus/pkcs7/pkcs7.go:229.86,231.2 1 154
github.com/digitorus/pkcs7/pkcs7.go:246.81,249.2 2 10
github.com/digitorus/pkcs7/pkcs7.go:258.34,260.2 1 6
github.com/digitorus/pkcs7/pkcs7.go:262.44,264.2 1 12
github.com/digitorus/pkcs7/pkcs7.go:266.39,268.2 1 6
github.com/digitorus/pkcs7/pkcs7.go:270.49,272.26 2 6
github.com/digitorus/pkcs7/pkcs7.go:272.26,274.3 1 10
github.com/digitorus/pkcs7/pkcs7.go:275.2,275.14 1 6
github.com/digitorus/pkcs7/pkcs7.go:278.64,280.27 2 6
github.com/digitorus/pkcs7/pkcs7.go:280.27,284.17 4 10
github.com/digitorus/pkcs7/pkcs7.go:284.17,286.4 1 0
github.com/digitorus/pkcs7/pkcs7.go:287.3,292.17 3 10
github.com/digitorus/pkcs7/pkcs7.go:292.17,294.4 1 0
github.com/digitorus/pkcs7/pkcs7.go:295.3,298.4 1 10
github.com/digitorus/pkcs7/pkcs7.go:300.2,301.36 2 6
github.com/digitorus/pkcs7/sign.go:30.54,32.16 2 133
github.com/digitorus/pkcs7/sign.go:32.16,34.3 1 0
github.com/digitorus/pkcs7/sign.go:35.2,43.80 3 133
github.com/digitorus/pkcs7/sign.go:77.59,81.16 2 9
github.com/digitorus/pkcs7/sign.go:81.16,83.3 1 0
github.com/digitorus/pkcs7/sign.go:86.2,88.23 3 9
github.com/digitorus/pkcs7/sign.go:103.67,105.2 1 129
github.com/digitorus/pkcs7/sign.go:110.71,112.2 1 0
github.com/digitorus/pkcs7/sign.go:116.111,119.2 2 3
github.com/digitorus/pkcs7/sign.go:129.145,136.23 3 4
github.com/digitorus/pkcs7/sign.go:136.23,139.3 1 3
github.com/digitorus/pkcs7/sign.go:139.8,141.17 2 1
github.com/digitorus/pkcs7/sign.go:141.17,143.4 1 1
github.com/digitorus/pkcs7/sign.go:145.3,145.67 1 0
github.com/digitorus/pkcs7/sign.go:147.2,151.16 3 3
github.com/digitorus/pkcs7/sign.go:151.16,153.3 1 0
github.com/digitorus/pkcs7/sign.go:154.2,158.16 5 3
github.com/digitorus/pkcs7/sign.go:158.16,160.3 1 0
github.com/digitorus/pkcs7/sign.go:161.2,165.52 5 3
github.com/digitorus/pkcs7/sign.go:165.52,167.3 1 1
github.com/digitorus/pkcs7/sign.go:168.2,169.16 2 3
github.com/digitorus/pkcs7/sign.go:169.16,171.3 1 0
github.com/digitorus/pkcs7/sign.go:172.2,173.54 2 3
github.com/digitorus/pkcs7/sign.go:173.54,175.3 1 0
github.com/digitorus/pkcs7/sign.go:176.2,177.16 2 3
github.com/digitorus/pkcs7/sign.go:177.16,179.3 1 0
github.com/digitorus/pkcs7/sign.go:181.2,182.16 2 3
github.com/digitorus/pkcs7/sign.go:182.16,184.3 1 0
github.com/digitorus/pkcs7/sign.go:185.2,194.30 2 3
github.com/digitorus/pkcs7/sign.go:194.30,196.23 2 2
github.com/digitorus/pkcs7/sign.go:196.23,198.4 1 0
github.com/digitorus/pkcs7/sign.go:200.2,201.12 2 3
github.com/digitorus/pkcs7/sign.go:211.117,215.16 4 129
github.com/digitorus/pkcs7/sign.go:215.16,217.3 1 0
github.com/digitorus/pkcs7/sign.go:218.2,222.36 4 129
github.com/digitorus/pkcs7/sign.go:223.23,227.17 2 1
github.com/digitorus/pkcs7/sign.go:227.17,229.4 1 0
github.com/digitorus/pkcs7/sign.go:230.3,231.17 2 1
github.com/digitorus/pkcs7/sign.go:231.17,233.4 1 0
github.com/digitorus/pkcs7/sign.go:234.10,236.10 2 128
github.com/digitorus/pkcs7/sign.go:236.10,238.4 1 0
github.com/digitorus/pkcs7/sign.go:241.3,242.9 2 128
github.com/digitorus/pkcs7/sign.go:242.9,244.4 1 16
github.com/digitorus/pkcs7/sign.go:244.9,246.18 2 112
github.com/digitorus/pkcs7/sign.go:246.18,248.5 1 0
github.com/digitorus/pkcs7/sign.go:252.2,256.29 4 129
github.com/digitorus/pkcs7/sign.go:256.29,260.3 1 129
github.com/digitorus/pkcs7/sign.go:261.2,261.16 1 129
github.com/digitorus/pkcs7/sign.go:261.16,263.3 1 0
github.com/digitorus/pkcs7/sign.go:264.2,274.12 4 129
github.com/digitorus/pkcs7/sign.go:277.90,279.42 2 0
github.com/digitorus/pkcs7/sign.go:279.42,281.3 1 0
github.com/digitorus/pkcs7/sign.go:282.2,283.16 2 0
github.com/digitorus/pkcs7/sign.go:283.16,285.3 1 0
github.com/digitorus/pkcs7/sign.go:287.2,289.12 2 0
github.com/digitorus/pkcs7/sign.go:293.62,295.2 1 0
github.com/digitorus/pkcs7/sign.go:299.73,301.2 1 1
github.com/digitorus/pkcs7/sign.go:305.32,307.2 1 65
github.com/digitorus/pkcs7/sign.go:310.51,312.2 1 1
github.com/digitorus/pkcs7/sign.go:315.48,318.16 3 132
github.com/digitorus/pkcs7/sign.go:318.16,320.3 1 0
github.com/digitorus/pkcs7/sign.go:321.2,325.28 2 132
github.com/digitorus/pkcs7/sign.go:330.55,331.35 1 0
github.com/digitorus/pkcs7/sign.go:331.35,333.3 1 0
github.com/digitorus/pkcs7/sign.go:337.57,338.35 1 0
github.com/digitorus/pkcs7/sign.go:338.35,340.3 1 0
github.com/digitorus/pkcs7/sign.go:347.84,348.23 1 1
github.com/digitorus/pkcs7/sign.go:348.23,350.3 1 0
github.com/digitorus/pkcs7/sign.go:351.2,352.16 2 1
github.com/digitorus/pkcs7/sign.go:352.16,354.3 1 1
github.com/digitorus/pkcs7/sign.go:355.2,355.23 1 0
github.com/digitorus/pkcs7/sign.go:355.23,358.3 1 0
github.com/digitorus/pkcs7/sign.go:359.2,359.52 1 0
github.com/digitorus/pkcs7/sign.go:362.76,370.2 4 15
github.com/digitorus/pkcs7/sign.go:373.104,375.16 2 3
github.com/digitorus/pkcs7/sign.go:375.16,377.3 1 0
github.com/digitorus/pkcs7/sign.go:378.2,384.36 4 3
github.com/digitorus/pkcs7/sign.go:385.23,387.17 2 0
github.com/digitorus/pkcs7/sign.go:387.17,389.4 1 0
github.com/digitorus/pkcs7/sign.go:390.3,390.42 1 0
github.com/digitorus/pkcs7/sign.go:393.2,394.9 2 3
github.com/digitorus/pkcs7/sign.go:394.9,396.3 1 0
github.com/digitorus/pkcs7/sign.go:399.2,400.8 2 3
github.com/digitorus/pkcs7/sign.go:400.8,402.3 1 0
github.com/digitorus/pkcs7/sign.go:404.2,404.50 1 3
github.com/digitorus/pkcs7/sign.go:412.69,414.29 2 132
github.com/digitorus/pkcs7/sign.go:414.29,416.3 1 131
github.com/digitorus/pkcs7/sign.go:417.2,418.17 2 132
github.com/digitorus/pkcs7/sign.go:424.69,427.16 3 133
github.com/digitorus/pkcs7/sign.go:427.16,429.3 1 0
github.com/digitorus/pkcs7/sign.go:430.2,430.37 1 133
github.com/digitorus/pkcs7/sign.go:435.57,437.16 2 1
github.com/digitorus/pkcs7/sign.go:437.16,439.3 1 0
github.com/digitorus/pkcs7/sign.go:440.2,448.16 4 1
github.com/digitorus/pkcs7/sign.go:448.16,450.3 1 0
github.com/digitorus/pkcs7/sign.go:451.2,455.36 2 1
github.com/digitorus/pkcs7/verify.go:16.39,18.2 1 3
github.com/digitorus/pkcs7/verify.go:27.73,29.40 2 133
github.com/digitorus/pkcs7/verify.go:29.40,31.3 1 137
github.com/digitorus/pkcs7/verify.go:33.2,38.32 2 133
github.com/digitorus/pkcs7/verify.go:47.102,49.40 2 3
github.com/digitorus/pkcs7/verify.go:49.40,51.3 1 6
github.com/digitorus/pkcs7/verify.go:53.2,59.32 2 3
github.com/digitorus/pkcs7/verify.go:74.70,76.27 1 136
github.com/digitorus/pkcs7/verify.go:76.27,78.3 1 136
github.com/digitorus/pkcs7/verify.go:80.2,80.26 1 136
github.com/digitorus/pkcs7/verify.go:80.26,82.3 1 0
github.com/digitorus/pkcs7/verify.go:86.2,86.31 1 136
github.com/digitorus/pkcs7/verify.go:86.31,87.37 1 133
github.com/digitorus/pkcs7/verify.go:87.37,88.60 1 133
github.com/digitorus/pkcs7/verify.go:88.60,90.5 1 29
github.com/digitorus/pkcs7/verify.go:92.3,92.13 1 104
github.com/digitorus/pkcs7/verify.go:96.2,96.36 1 3
github.com/digitorus/pkcs7/verify.go:96.36,97.65 1 3
github.com/digitorus/pkcs7/verify.go:97.65,99.4 1 2
github.com/digitorus/pkcs7/verify.go:101.2,101.12 1 1
github.com/digitorus/pkcs7/verify.go:104.95,107.15 3 3
github.com/digitorus/pkcs7/verify.go:107.15,109.3 1 0
github.com/digitorus/pkcs7/verify.go:110.2,110.45 1 3
github.com/digitorus/pkcs7/verify.go:110.45,117.17 3 3
github.com/digitorus/pkcs7/verify.go:117.17,119.4 1 0
github.com/digitorus/pkcs7/verify.go:120.3,121.17 2 3
github.com/digitorus/pkcs7/verify.go:121.17,123.4 1 0
github.com/digitorus/pkcs7/verify.go:124.3,127.56 4 3
github.com/digitorus/pkcs7/verify.go:127.56,132.4 1 0
github.com/digitorus/pkcs7/verify.go:133.3,134.17 2 3
github.com/digitorus/pkcs7/verify.go:134.17,136.4 1 0
github.com/digitorus/pkcs7/verify.go:137.3,138.17 2 3
github.com/digitorus/pkcs7/verify.go:138.17,140.74 1 3
github.com/digitorus/pkcs7/verify.go:140.74,145.5 1 0
github.com/digitorus/pkcs7/verify.go:148.2,148.23 1 3
github.com/digitorus/pkcs7/verify.go:148.23,150.17 2 3
github.com/digitorus/pkcs7/verify.go:150.17,152.4 1 2
github.com/digitorus/pkcs7/verify.go:154.2,155.16 2 1
github.com/digitorus/pkcs7/verify.go:155.16,157.3 1 0
github.com/digitorus/pkcs7/verify.go:158.2,158.70 1 1
github.com/digitorus/pkcs7/verify.go:161.89,164.15 3 133
github.com/digitorus/pkcs7/verify.go:164.15,166.3 1 0
github.com/digitorus/pkcs7/verify.go:167.2,168.45 2 133
github.com/digitorus/pkcs7/verify.go:168.45,172.17 3 3
github.com/digitorus/pkcs7/verify.go:172.17,174.4 1 0
github.com/digitorus/pkcs7/verify.go:175.3,176.17 2 3
github.com/digitorus/pkcs7/verify.go:176.17,178.4 1 0
github.com/digitorus/pkcs7/verify.go:179.3,182.56 4 3
github.com/digitorus/pkcs7/verify.go:182.56,187.4 1 0
github.com/digitorus/pkcs7/verify.go:188.3,189.17 2 3
github.com/digitorus/pkcs7/verify.go:189.17,191.4 1 0
github.com/digitorus/pkcs7/verify.go:192.3,193.17 2 3
github.com/digitorus/pkcs7/verify.go:193.17,195.74 1 3
github.com/digitorus/pkcs7/verify.go:195.74,200.5 1 0
github.com/digitorus/pkcs7/verify.go:203.2,203.23 1 133
github.com/digitorus/pkcs7/verify.go:203.23,206.17 3 130
github.com/digitorus/pkcs7/verify.go:206.17,208.4 1 29
github.com/digitorus/pkcs7/verify.go:210.2,211.16 2 104
github.com/digitorus/pkcs7/verify.go:211.16,213.3 1 0
github.com/digitorus/pkcs7/verify.go:214.2,214.70 1 104
github.com/digitorus/pkcs7/verify.go:219.52,220.26 1 0
github.com/digitorus/pkcs7/verify.go:220.26,222.3 1 0
github.com/digitorus/pkcs7/verify.go:223.2,224.89 2 0
github.com/digitorus/pkcs7/verify.go:228.103,230.9 2 1
github.com/digitorus/pkcs7/verify.go:230.9,232.3 1 0
github.com/digitorus/pkcs7/verify.go:233.2,233.29 1 1
github.com/digitorus/pkcs7/verify.go:233.29,235.3 1 0
github.com/digitorus/pkcs7/verify.go:236.2,237.59 2 1
github.com/digitorus/pkcs7/verify.go:240.51,244.16 4 135
github.com/digitorus/pkcs7/verify.go:244.16,246.3 1 0
github.com/digitorus/pkcs7/verify.go:249.2,253.43 3 135
github.com/digitorus/pkcs7/verify.go:253.43,254.84 1 69
github.com/digitorus/pkcs7/verify.go:254.84,256.4 1 0
github.com/digitorus/pkcs7/verify.go:259.2,259.25 1 135
github.com/digitorus/pkcs7/verify.go:259.25,260.24 1 0
github.com/digitorus/pkcs7/verify.go:260.24,261.69 1 0
github.com/digitorus/pkcs7/verify.go:261.69,263.5 1 0
github.com/digitorus/pkcs7/verify.go:264.9,266.4 1 0
github.com/digitorus/pkcs7/verify.go:267.8,270.3 1 135
github.com/digitorus/pkcs7/verify.go:271.2,276.25 1 135
github.com/digitorus/pkcs7/verify.go:286.55,288.2 1 0
github.com/digitorus/pkcs7/verify.go:290.112,291.9 1 105
github.com/digitorus/pkcs7/verify.go:292.69,293.33 1 0
github.com/digitorus/pkcs7/verify.go:294.71,295.35 1 14
github.com/digitorus/pkcs7/verify.go:296.71,297.35 1 14
github.com/digitorus/pkcs7/verify.go:298.71,299.35 1 23
github.com/digitorus/pkcs7/verify.go:304.69,305.10 1 38
github.com/digitorus/pkcs7/verify.go:306.55,307.32 1 4
github.com/digitorus/pkcs7/verify.go:308.57,309.34 1 14
github.com/digitorus/pkcs7/verify.go:310.57,311.34 1 0
github.com/digitorus/pkcs7/verify.go:312.57,313.34 1 20
github.com/digitorus/pkcs7/verify.go:314.11,316.68 1 0
github.com/digitorus/pkcs7/verify.go:319.63,320.10 1 0
github.com/digitorus/pkcs7/verify.go:321.55,322.32 1 0
github.com/digitorus/pkcs7/verify.go:323.57,324.34 1 0
github.com/digitorus/pkcs7/verify.go:325.11,327.68 1 0
github.com/digitorus/pkcs7/verify.go:331.69,332.10 1 0
github.com/digitorus/pkcs7/verify.go:333.55,334.34 1 0
github.com/digitorus/pkcs7/verify.go:335.57,336.36 1 0
github.com/digitorus/pkcs7/verify.go:337.57,338.36 1 0
github.com/digitorus/pkcs7/verify.go:339.57,340.36 1 0
github.com/digitorus/pkcs7/verify.go:341.11,343.68 1 0
github.com/digitorus/pkcs7/verify.go:345.74,346.31 1 16
github.com/digitorus/pkcs7/verify.go:347.10,349.40 1 0
github.com/digitorus/pkcs7/verify.go:353.106,354.29 1 137
github.com/digitorus/pkcs7/verify.go:354.29,355.47 1 138
github.com/digitorus/pkcs7/verify.go:355.47,357.4 1 137
github.com/digitorus/pkcs7/verify.go:359.2,359.12 1 0
github.com/digitorus/pkcs7/verify.go:362.104,363.29 1 13
github.com/digitorus/pkcs7/verify.go:363.29,364.37 1 31
github.com/digitorus/pkcs7/verify.go:364.37,367.4 2 13
github.com/digitorus/pkcs7/verify.go:369.2,369.62 1 0
github.com/digitorus/pkcs7/verify_test_dsa.go:12.34,15.16 3 0
github.com/digitorus/pkcs7/verify_test_dsa.go:15.16,17.3 1 0
github.com/digitorus/pkcs7/verify_test_dsa.go:18.2,19.36 2 0
github.com/digitorus/pkcs7/verify_test_dsa.go:19.36,21.3 1 0
github.com/digitorus/pkcs7/verify_test_dsa.go:63.52,70.16 3 0
github.com/digitorus/pkcs7/verify_test_dsa.go:70.16,72.3 1 0
github.com/digitorus/pkcs7/verify_test_dsa.go:73.2,77.16 3 0
github.com/digitorus/pkcs7/verify_test_dsa.go:77.16,79.3 1 0
github.com/digitorus/pkcs7/verify_test_dsa.go:80.2,84.16 3 0
github.com/digitorus/pkcs7/verify_test_dsa.go:84.16,86.3 1 0
github.com/digitorus/pkcs7/verify_test_dsa.go:87.2,90.16 3 0
github.com/digitorus/pkcs7/verify_test_dsa.go:90.16,92.3 1 0
github.com/digitorus/pkcs7/verify_test_dsa.go:94.2,99.16 3 0
github.com/digitorus/pkcs7/verify_test_dsa.go:99.16,101.3 1 0
github.com/digitorus/pkcs7/verify_test_dsa.go:104.2,105.16 2 0
github.com/digitorus/pkcs7/verify_test_dsa.go:105.16,107.3 1 0
github.com/digitorus/pkcs7/verify_test_dsa.go:108.2,110.21 3 0
github.com/digitorus/pkcs7/verify_test_dsa.go:110.21,112.3 1 0
github.com/digitorus/pkcs7/verify_test_dsa.go:113.2,114.16 2 0
github.com/digitorus/pkcs7/verify_test_dsa.go:114.16,116.3 1 0
github.com/digitorus/pkcs7/verify_test_dsa.go:117.2,117.36 1 0
github.com/digitorus/pkcs7/verify_test_dsa.go:117.36,119.3 1 0
github.com/digitorus/pkcs7/verify_test_dsa.go:120.2,122.34 3 0
github.com/digitorus/pkcs7/verify_test_dsa.go:161.66,165.6 4 0
github.com/digitorus/pkcs7/verify_test_dsa.go:165.6,167.22 2 0
github.com/digitorus/pkcs7/verify_test_dsa.go:167.22,168.9 1 0
github.com/digitorus/pkcs7/verify_test_dsa.go:170.3,170.24 1 0
github.com/digitorus/pkcs7/verify_test_dsa.go:171.16,172.33 1 0
github.com/digitorus/pkcs7/verify_test_dsa.go:173.22,174.65 1 0
github.com/digitorus/pkcs7/verify_test_dsa.go:178.2,178.15 1 0
